<?xml version="1.0" encoding="UTF-8"?>
<!-- Generated by org.testng.reporters.JUnitReportReporter -->
<testsuite skipped="0" hostname="Shivams-MacBook-Air.local" name="com.gnucash.test.testcase.IncomeAndExpenseTests" tests="1" failures="0" timestamp="2021-05-31T21:38:59 IST" time="8.575" errors="0">
  <testcase name="Test1AsAUserIWantToAddIncome" time="8.575" classname="com.gnucash.test.testcase.IncomeAndExpenseTests"/>
  <system-out/>
</testsuite> <!-- com.gnucash.test.testcase.IncomeAndExpenseTests -->
