<?xml version="1.0" encoding="UTF-8"?>
<!-- Generated by org.testng.reporters.JUnitReportReporter -->
<testsuite skipped="0" hostname="Shivams-MacBook-Air.local" name="com.gnucash.test.testcase.SetupAndAccountTests" tests="3" failures="0" timestamp="2021-05-31T21:39:09 IST" time="11.290" errors="0">
  <testcase name="Test1AsAUserIWantToCreateAccount" time="4.526" classname="com.gnucash.test.testcase.SetupAndAccountTests"/>
  <system-out/>
  <testcase name="Test3AsAUserIWantToDeleteAccount" time="3.491" classname="com.gnucash.test.testcase.SetupAndAccountTests"/>
  <system-out/>
  <testcase name="Test2AsAUserIWantToEditAccount" time="3.273" classname="com.gnucash.test.testcase.SetupAndAccountTests"/>
  <system-out/>
</testsuite> <!-- com.gnucash.test.testcase.SetupAndAccountTests -->
