<?xml version="1.0" encoding="UTF-8"?>
<!-- Generated by org.testng.reporters.JUnitReportReporter -->
<testsuite skipped="0" hostname="Shivams-MacBook-Air.local" name="com.gnucash.test.testcase.SettingsTests" tests="1" failures="0" timestamp="2021-05-31T21:39:04 IST" time="15.059" errors="0">
  <testcase name="Test1AsAUserIwantToScheduleTransactions" time="15.059" classname="com.gnucash.test.testcase.SettingsTests"/>
  <system-out/>
</testsuite> <!-- com.gnucash.test.testcase.SettingsTests -->
