<?xml version="1.0" encoding="UTF-8"?>
<!-- Generated by org.testng.reporters.JUnitReportReporter -->
<testsuite skipped="0" hostname="Shivams-MacBook-Air.local" name="com.gnucash.test.testcase.UsabilityTests" tests="2" failures="0" timestamp="2021-05-31T21:38:54 IST" time="13.466" errors="0">
  <testcase name="Test1AsAUserIWantToAddAccountInFavourites" time="2.803" classname="com.gnucash.test.testcase.UsabilityTests"/>
  <system-out/>
  <testcase name="Test2AsAUserIWantToCheckRecentActivity" time="10.663" classname="com.gnucash.test.testcase.UsabilityTests"/>
  <system-out/>
</testsuite> <!-- com.gnucash.test.testcase.UsabilityTests -->
